Added Component: Designator=C?(C0805)
Added Component: Designator=C?(C2220)
Added Pin To Net: NetName=DC Pin=*-2
Added Pin To Net: NetName=GND Pin=C?-1
Added Pin To Net: NetName=GND Pin=C?-1
Added Pin To Net: NetName=IN Pin=C?-2
Added Pin To Net: NetName=NetQ?_3 Pin=C?-2
Added Pin To Net: NetName=VCC Pin=P?-2
Added Pin To Net: NetName=VCC Pin=P?-9
Change Net Name : Old Net Name=NetQ?_3 New Net Name=NetC?_2
Change Net Name : Old Net Name=VCC New Net Name=3.3V
Added Pin To Net: NetName=Net*_3 Pin=*-3
Added Pin To Net: NetName=Net*_3 Pin=P?-4
Added Net: Name=Net*_3
Added Member To Class: ClassName=Blue_bug Member=Component C? Ñ2220
Added Member To Class: ClassName=Blue_bug Member=Component C? C1210
Added Member To Class: ClassName=Blue_bug Member=Component C? C1210
Added Member To Class: ClassName=Blue_bug Member=Component Q? PNP
Added Member To Class: ClassName=Blue_bug Member=Component R? R0805
Added Member To Class: ClassName=Blue_bug Member=Component R? R0805
Added Room: Name=Blue_bug
