Change Component Designator: OldDesignator=C? NewDesignator=C1
Change Component Designator: OldDesignator=C? NewDesignator=C2
Change Component Designator: OldDesignator=C? NewDesignator=C3
Change Component Designator: OldDesignator=C? NewDesignator=C4
Change Component Designator: OldDesignator=D? NewDesignator=D1
Change Component Designator: OldDesignator=P? NewDesignator=P1
Change Component Designator: OldDesignator=Q? NewDesignator=Q1
Change Component Designator: OldDesignator=Q? NewDesignator=Q2
Change Component Designator: OldDesignator=R? NewDesignator=R1
Change Component Designator: OldDesignator=R? NewDesignator=R2
Change Component Designator: OldDesignator=R? NewDesignator=R3
Change Net Name : Old Net Name=NetC?_2 New Net Name=NetC1_2
Change Net Name : Old Net Name=NetC?_2 New Net Name=NetC4_2
Change Net Name : Old Net Name=NetQ?_2 New Net Name=NetQ2_2
Added Member To Class: ClassName=Blue_bug Member=Component C1 C1210
Added Member To Class: ClassName=Blue_bug Member=Component C3 Ñ2220
Added Member To Class: ClassName=Blue_bug Member=Component C4 0805
Added Member To Class: ClassName=Blue_bug Member=Component Q2 PNP
Added Member To Class: ClassName=Blue_bug Member=Component R1 R0805
Added Member To Class: ClassName=Blue_bug Member=Component R2 R0805
